<?xml version="1.0" encoding="UTF-8" ?>
<testsuite errors="0" failures="0" hostname="johns-mbp" name="gameoflife.WorldControllerSpec" tests="13" time="0.56" timestamp="2014-01-30T03:35:07">
  <properties />
  <testcase classname="gameoflife.WorldControllerSpec" name="cellsEqual" time="0.153" />
  <testcase classname="gameoflife.WorldControllerSpec" name="cellsNotEqual" time="0.035" />
  <testcase classname="gameoflife.WorldControllerSpec" name="worldGivesCellLife" time="0.043" />
  <testcase classname="gameoflife.WorldControllerSpec" name="worldGivesMultipleCellsLife" time="0.049" />
  <testcase classname="gameoflife.WorldControllerSpec" name="setOfLiveCellsIsUnique" time="0.025" />
  <testcase classname="gameoflife.WorldControllerSpec" name="cellHas8Neighbours" time="0.025" />
  <testcase classname="gameoflife.WorldControllerSpec" name="cellKnowsItsNeighbours" time="0.025" />
  <testcase classname="gameoflife.WorldControllerSpec" name="liveCellWithZeroLiveNeighboutDiesOnNextTick" time="0.038" />
  <testcase classname="gameoflife.WorldControllerSpec" name="liveCellWithOneLiveNeighboutDiesOnNextTick" time="0.029" />
  <testcase classname="gameoflife.WorldControllerSpec" name="liveCellWith2LiveNeighboursLivesOnNextTick" time="0.033" />
  <testcase classname="gameoflife.WorldControllerSpec" name="liveCellWith3LiveNeighboursLivesOnNextTick" time="0.032" />
  <testcase classname="gameoflife.WorldControllerSpec" name="liveCellsWithMoreThan3LiveNeighboursDiesOnNextTick" time="0.039" />
  <testcase classname="gameoflife.WorldControllerSpec" name="deadCellWithThreeLiveNeigboursLivesOnNextTick" time="0.033" />
  <system-out><![CDATA[--Output from cellsEqual--
--Output from cellsNotEqual--
--Output from worldGivesCellLife--
--Output from worldGivesMultipleCellsLife--
--Output from setOfLiveCellsIsUnique--
--Output from cellHas8Neighbours--
--Output from cellKnowsItsNeighbours--
--Output from liveCellWithZeroLiveNeighboutDiesOnNextTick--
--Output from liveCellWithOneLiveNeighboutDiesOnNextTick--
--Output from liveCellWith2LiveNeighboursLivesOnNextTick--
--Output from liveCellWith3LiveNeighboursLivesOnNextTick--
--Output from liveCellsWithMoreThan3LiveNeighboursDiesOnNextTick--
--Output from deadCellWithThreeLiveNeigboursLivesOnNextTick--
]]></system-out>
  <system-err><![CDATA[--Output from cellsEqual--
--Output from cellsNotEqual--
--Output from worldGivesCellLife--
--Output from worldGivesMultipleCellsLife--
--Output from setOfLiveCellsIsUnique--
--Output from cellHas8Neighbours--
--Output from cellKnowsItsNeighbours--
--Output from liveCellWithZeroLiveNeighboutDiesOnNextTick--
--Output from liveCellWithOneLiveNeighboutDiesOnNextTick--
--Output from liveCellWith2LiveNeighboursLivesOnNextTick--
--Output from liveCellWith3LiveNeighboursLivesOnNextTick--
--Output from liveCellsWithMoreThan3LiveNeighboursDiesOnNextTick--
--Output from deadCellWithThreeLiveNeigboursLivesOnNextTick--
]]></system-err>
</testsuite>
